<?xml version="1.0" encoding="UTF-8"?>
<!-- Generated by org.testng.reporters.JUnitReportReporter -->
<testsuite hostname="Suksha-Roshan" failures="0" tests="8" name="com.saucedemo.tests.CartPageTest" time="1.464" errors="0" timestamp="2024-02-18T23:07:32 IST" skipped="0">
  <testcase classname="com.saucedemo.tests.CartPageTest" name="loginPageTitleTest" time="0.049"/>
  <testcase classname="com.saucedemo.tests.CartPageTest" name="loginPageUrlTest" time="0.004"/>
  <testcase classname="com.saucedemo.tests.CartPageTest" name="LoginPageUrlTest" time="0.504"/>
  <testcase classname="com.saucedemo.tests.CartPageTest" name="addLeastExpensiveProductTest" time="0.281"/>
  <testcase classname="com.saucedemo.tests.CartPageTest" name="addMostExpensiveProductTest" time="0.092"/>
  <testcase classname="com.saucedemo.tests.CartPageTest" name="productNameTest" time="0.158"/>
  <testcase classname="com.saucedemo.tests.CartPageTest" name="checkoutTest" time="0.284"/>
  <testcase classname="com.saucedemo.tests.CartPageTest" name="priceAndTaxVerifier" time="0.092"/>
</testsuite> <!-- com.saucedemo.tests.CartPageTest -->
