<?xml version="1.0" encoding="UTF-8"?>
<!-- Generated by org.testng.reporters.JUnitReportReporter -->
<testsuite hostname="Suksha-Roshan" failures="0" tests="2" name="com.saucedemo.tests.LoginPageTest" time="0.016" errors="0" timestamp="2024-02-18T20:17:10 IST" skipped="0">
  <testcase classname="com.saucedemo.tests.LoginPageTest" name="loginPageTitleTest" time="0.015"/>
  <testcase classname="com.saucedemo.tests.LoginPageTest" name="loginPageUrlTest" time="0.001"/>
</testsuite> <!-- com.saucedemo.tests.LoginPageTest -->
