<?xml version="1.0" encoding="UTF-8"?>
<!-- Generated by org.testng.reporters.JUnitReportReporter -->
<testsuite hostname="Suksha-Roshan" failures="0" tests="3" name="com.saucedemo.tests.HomePageTest" time="0.459" errors="0" timestamp="2024-02-18T20:17:24 IST" skipped="0">
  <testcase classname="com.saucedemo.tests.HomePageTest" name="LoginPageUrlTest" time="0.179"/>
  <testcase classname="com.saucedemo.tests.HomePageTest" name="addLeastExpensiveProductTest" time="0.131"/>
  <testcase classname="com.saucedemo.tests.HomePageTest" name="addMostExpensiveProductTest" time="0.149"/>
</testsuite> <!-- com.saucedemo.tests.HomePageTest -->
